<?xml version="1.0" encoding="UTF-8"?>
<!-- Generated by org.testng.reporters.JUnitReportReporter -->
<testsuite hostname="UJJAVAL-LAPTOP" failures="0" tests="1" name="BasicTest.timer_screenshot" time="4.074" errors="0" timestamp="2023-03-06T21:38:55 EST" skipped="0">
  <testcase classname="BasicTest.timer_screenshot" name="screenshot" time="4.074"/>
  <system-out/>
</testsuite> <!-- BasicTest.timer_screenshot -->
