<?xml version="1.0" encoding="UTF-8"?>
<!-- Generated by org.testng.reporters.JUnitReportReporter -->
<testsuite hostname="UJJAVAL-LAPTOP" failures="0" tests="3" name="BasicTest.befor_after" time="25.885" errors="0" timestamp="2023-03-07T21:24:08 EST" skipped="0">
  <testcase classname="BasicTest.befor_after" name="tc_02" time="4.893"/>
  <system-out/>
  <testcase classname="BasicTest.befor_after" name="tc_03" time="15.320"/>
  <system-out/>
  <testcase classname="BasicTest.befor_after" name="tc_01" time="5.672"/>
  <system-out/>
</testsuite> <!-- BasicTest.befor_after -->
