<?xml version="1.0" encoding="UTF-8"?>
<!-- Generated by org.testng.reporters.JUnitReportReporter -->
<testsuite hostname="UJJAVAL-LAPTOP" failures="0" tests="3" name="BasicTest.befor_after_method" time="20.662" errors="0" timestamp="2023-03-07T21:21:45 EST" skipped="0">
  <testcase classname="BasicTest.befor_after_method" name="tc_02" time="4.827"/>
  <system-out/>
  <testcase classname="BasicTest.befor_after_method" name="tc_01" time="0.582"/>
  <system-out/>
  <testcase classname="BasicTest.befor_after_method" name="tc_03" time="15.253"/>
  <system-out/>
</testsuite> <!-- BasicTest.befor_after_method -->
