<?xml version="1.0" encoding="UTF-8"?>
<!-- Generated by org.testng.reporters.JUnitReportReporter -->
<testsuite hostname="UJJAVAL-LAPTOP" failures="0" tests="1" name="BasicTest.alart" time="54.713" errors="0" timestamp="2023-03-02T21:30:40 EST" skipped="0">
  <testcase classname="BasicTest.alart" name="f" time="54.713"/>
  <system-out/>
</testsuite> <!-- BasicTest.alart -->
