<?xml version="1.0" encoding="UTF-8"?>
<!-- Generated by org.testng.reporters.JUnitReportReporter -->
<testsuite hostname="UJJAVAL-LAPTOP" failures="0" tests="1" name="BasicTest.JRE_forgetPassword" time="20.554" errors="0" timestamp="2023-03-16T19:00:43 EDT" skipped="0">
  <testcase classname="BasicTest.JRE_forgetPassword" name="f" time="20.554"/>
  <system-out/>
</testsuite> <!-- BasicTest.JRE_forgetPassword -->
