<?xml version="1.0" encoding="UTF-8"?>
<!-- Generated by org.testng.reporters.JUnitReportReporter -->
<testsuite hostname="UJJAVAL-LAPTOP" failures="0" tests="1" name="BasicTest.JRE_forgetPassword" time="18.589" errors="0" timestamp="2023-03-02T21:30:40 EST" skipped="0">
  <testcase classname="BasicTest.JRE_forgetPassword" name="f" time="18.589"/>
  <system-out/>
</testsuite> <!-- BasicTest.JRE_forgetPassword -->
