<?xml version="1.0" encoding="UTF-8"?>
<!-- Generated by org.testng.reporters.JUnitReportReporter -->
<testsuite hostname="UJJAVAL-LAPTOP" failures="0" tests="3" name="BasicTest.crossbrowser" time="38.711" errors="0" timestamp="2023-03-08T21:43:52 EST" skipped="0">
  <testcase classname="BasicTest.crossbrowser" name="f" time="12.300"/>
  <system-out/>
  <testcase classname="BasicTest.crossbrowser" name="f" time="12.881"/>
  <system-out/>
  <testcase classname="BasicTest.crossbrowser" name="f" time="13.530"/>
  <system-out/>
</testsuite> <!-- BasicTest.crossbrowser -->
