<?xml version="1.0" encoding="UTF-8"?>
<!-- Generated by org.testng.reporters.JUnitReportReporter -->
<testsuite hostname="UJJAVAL-LAPTOP" failures="0" tests="3" name="BasicTest.befor_after_calss" time="20.230" errors="0" timestamp="2023-03-07T21:18:57 EST" skipped="0">
  <testcase classname="BasicTest.befor_after_calss" name="tc_02" time="4.661"/>
  <system-out/>
  <testcase classname="BasicTest.befor_after_calss" name="tc_03" time="15.042"/>
  <system-out/>
  <testcase classname="BasicTest.befor_after_calss" name="tc_01" time="0.527"/>
  <system-out/>
</testsuite> <!-- BasicTest.befor_after_calss -->
